0 info it worked if it ends with ok
1 verbose cli [ 'C:\\Program Files (x86)\\nodejs\\node.exe',
1 verbose cli   'C:\\Program Files (x86)\\nodejs\\node_modules\\npm\\bin\\npm-cli.js',
1 verbose cli   'run-script',
1 verbose cli   'build' ]
2 info using npm@3.10.10
3 info using node@v6.10.0
4 verbose run-script [ 'prebuild', 'build', 'postbuild' ]
5 info lifecycle swagger-schema-ts@2.0.0-RC1~prebuild: swagger-schema-ts@2.0.0-RC1
6 silly lifecycle swagger-schema-ts@2.0.0-RC1~prebuild: no script for prebuild, continuing
7 info lifecycle swagger-schema-ts@2.0.0-RC1~build: swagger-schema-ts@2.0.0-RC1
8 verbose lifecycle swagger-schema-ts@2.0.0-RC1~build: unsafe-perm in lifecycle true
9 verbose lifecycle swagger-schema-ts@2.0.0-RC1~build: PATH: C:\Program Files (x86)\nodejs\node_modules\npm\bin\node-gyp-bin;H:\github\swagger-schema\node_modules\.bin;C:\Program Files\ConEmu\ConEmu\Scripts;C:\Program Files\ConEmu;C:\Program Files\ConEmu\ConEmu;C:\Program Files\Ruby24-x64\bin;C:\Program Files (x86)\Microsoft SDKs\Azure\CLI2\wbin;C:\Program Files\Docker\Docker\Resources\bin;C:\Oracle\ora\product\11.2.0\client_32\bin;C:\Oracle\ora\product\11.2.0\client_64\bin;C:\WINDOWS\system32;C:\WINDOWS;C:\WINDOWS\System32\Wbem;C:\WINDOWS\System32\WindowsPowerShell\v1.0\;C:\Windows\CCM;C:\Program Files (x86)\Windows Kits\8.1\Windows Performance Toolkit\;C:\Program Files\Microsoft SQL Server\130\Tools\Binn\;C:\Program Files\Git\cmd;C:\HashiCorp\bin;C:\Program Files (x86)\nodejs\;C:\Program Files (x86)\Enterprise Vault\EVClient\;C:\Program Files (x86)\Sennheiser\SoftphoneSDK\;C:\Program Files\dotnet\;C:\Program Files (x86)\Common Files\Adobe\AGL;C:\Program Files (x86)\Microsoft Emulator Manager\1.0\;C:\HashiCorp\Vagrant\bin;H:\Android\Sdk\tools;C:\Program Files\Oracle\VirtualBox;C:\Utilities;H:\Home\.istio\bin;C:\Program Files\Intel\WiFi\bin\;C:\Program Files\Common Files\Intel\WirelessCommon\;C:\Users\ltdgkb\AppData\Local\Microsoft\WindowsApps;C:\cygwin64\bin;C:\Users\ltdgkb\AppData\Local\atom\bin;C:\Users\ltdgkb\AppData\Roaming\npm;C:\Program Files (x86)\Microsoft VS Code\bin
10 verbose lifecycle swagger-schema-ts@2.0.0-RC1~build: CWD: H:\github\swagger-schema
11 silly lifecycle swagger-schema-ts@2.0.0-RC1~build: Args: [ '/d /s /c', 'tsc' ]
12 silly lifecycle swagger-schema-ts@2.0.0-RC1~build: Returned: code: 2  signal: null
13 info lifecycle swagger-schema-ts@2.0.0-RC1~build: Failed to exec build script
14 verbose stack Error: swagger-schema-ts@2.0.0-RC1 build: `tsc`
14 verbose stack Exit status 2
14 verbose stack     at EventEmitter.<anonymous> (C:\Program Files (x86)\nodejs\node_modules\npm\lib\utils\lifecycle.js:255:16)
14 verbose stack     at emitTwo (events.js:106:13)
14 verbose stack     at EventEmitter.emit (events.js:191:7)
14 verbose stack     at ChildProcess.<anonymous> (C:\Program Files (x86)\nodejs\node_modules\npm\lib\utils\spawn.js:40:14)
14 verbose stack     at emitTwo (events.js:106:13)
14 verbose stack     at ChildProcess.emit (events.js:191:7)
14 verbose stack     at maybeClose (internal/child_process.js:877:16)
14 verbose stack     at Process.ChildProcess._handle.onexit (internal/child_process.js:226:5)
15 verbose pkgid swagger-schema-ts@2.0.0-RC1
16 verbose cwd H:\github\swagger-schema
17 error Windows_NT 10.0.14393
18 error argv "C:\\Program Files (x86)\\nodejs\\node.exe" "C:\\Program Files (x86)\\nodejs\\node_modules\\npm\\bin\\npm-cli.js" "run-script" "build"
19 error node v6.10.0
20 error npm  v3.10.10
21 error code ELIFECYCLE
22 error swagger-schema-ts@2.0.0-RC1 build: `tsc`
22 error Exit status 2
23 error Failed at the swagger-schema-ts@2.0.0-RC1 build script 'tsc'.
23 error Make sure you have the latest version of node.js and npm installed.
23 error If you do, this is most likely a problem with the swagger-schema-ts package,
23 error not with npm itself.
23 error Tell the author that this fails on your system:
23 error     tsc
23 error You can get information on how to open an issue for this project with:
23 error     npm bugs swagger-schema-ts
23 error Or if that isn't available, you can get their info via:
23 error     npm owner ls swagger-schema-ts
23 error There is likely additional logging output above.
24 verbose exit [ 1, true ]
